<?xml version="1.0" encoding="UTF-8"?>
<testsuites name="EduLearnOnline API Testing Collection v3" tests="6" time="0.065">
  <testsuite name="3. Coupons API (ORD-327) / 3.1 [Happy] POST /coupons/validate - Coupon phần trăm" id="9683a2c7-41c2-4b4e-bfc8-3aa1bd753867" timestamp="2026-09-03T00:53:26.148Z" tests="2" failures="0" errors="0" time="0.011">
    <testcase name="Status 200 OK" time="0.011" classname="3CouponsApiOrd32731HappyPostCouponsValidateCouponPhnTram"/>
    <testcase name="Coupon hợp lệ và giảm 20%" time="0.011" classname="3CouponsApiOrd32731HappyPostCouponsValidateCouponPhnTram"/>
  </testsuite>
  <testsuite name="3. Coupons API (ORD-327) / 3.2 [Happy] POST /coupons/validate - Coupon số tiền cố định" id="0a7f8be0-aecc-449f-8554-f3eca65009b2" timestamp="2026-09-03T00:53:26.148Z" tests="2" failures="0" errors="0" time="0.009">
    <testcase name="Status 200 OK" time="0.009" classname="3CouponsApiOrd32732HappyPostCouponsValidateCouponSTinCDnh"/>
    <testcase name="Giảm cố định 50.000đ" time="0.009" classname="3CouponsApiOrd32732HappyPostCouponsValidateCouponSTinCDnh"/>
  </testsuite>
  <testsuite name="3. Coupons API (ORD-327) / 3.3 [Negative] POST /coupons/validate - Coupon hết hạn" id="c8e9fcad-a3f9-4b76-903c-972d45f92dc2" timestamp="2026-09-03T00:53:26.148Z" tests="2" failures="0" errors="0" time="0.008">
    <testcase name="Status 400 khi hết hạn" time="0.008" classname="3CouponsApiOrd32733NegativePostCouponsValidateCouponHtHn"/>
    <testcase name="valid=false và có message" time="0.008" classname="3CouponsApiOrd32733NegativePostCouponsValidateCouponHtHn"/>
  </testsuite>
  <testsuite name="3. Coupons API (ORD-327) / 3.4 [Negative] POST /coupons/validate - Coupon không tồn tại" id="e522ab56-5113-4844-a7cc-9ed1e35e8607" timestamp="2026-09-03T00:53:26.148Z" tests="2" failures="0" errors="0" time="0.008">
    <testcase name="Status 404 Not Found" time="0.008" classname="3CouponsApiOrd32734NegativePostCouponsValidateCouponKhongTnTi"/>
    <testcase name="valid=false và không có calculated_discount" time="0.008" classname="3CouponsApiOrd32734NegativePostCouponsValidateCouponKhongTnTi"/>
  </testsuite>
  <testsuite name="3. Coupons API (ORD-327) / 3.5 [BVA] POST /coupons/validate - Dưới giá trị đơn tối thiểu" id="17b2f560-c9c5-4e14-a74a-69400ced83b8" timestamp="2026-09-03T00:53:26.148Z" tests="2" failures="0" errors="0" time="0.009">
    <testcase name="Status 400 dưới min order" time="0.009" classname="3CouponsApiOrd32735BvaPostCouponsValidateDiGiaTrDnTiThiu"/>
    <testcase name="Trả đúng min_order_amount" time="0.009" classname="3CouponsApiOrd32735BvaPostCouponsValidateDiGiaTrDnTiThiu"/>
  </testsuite>
  <testsuite name="3. Coupons API (ORD-327) / 3.6 [Public] POST /coupons/validate - Không cần token" id="c181c511-d347-46a3-b285-660baea65f04" timestamp="2026-09-03T00:53:26.148Z" tests="2" failures="0" errors="0" time="0.009">
    <testcase name="Status 200 dù không có Authorization" time="0.009" classname="3CouponsApiOrd32736PublicPostCouponsValidateKhongCnToken"/>
    <testcase name="Coupon public vẫn hợp lệ" time="0.009" classname="3CouponsApiOrd32736PublicPostCouponsValidateKhongCnToken"/>
  </testsuite>
</testsuites>